<?xml version="1.0" encoding="UTF-8"?>
<!-- Generated by org.testng.reporters.JUnitReportReporter -->
<testsuite hostname="LAPTOP-PQ3UNGFP" failures="0" tests="1" name="Testpack.Loginapplication" time="17.850" errors="0" timestamp="2021-08-24T19:04:54 CEST" skipped="0">
  <testcase classname="Testpack.Loginapplication" name="Login" time="17.850"/>
  <system-out/>
</testsuite> <!-- Testpack.Loginapplication -->
